#
# A fatal error has been detected by the Java Runtime Environment:
#
#  EXCEPTION_ACCESS_VIOLATION (0xc0000005) at pc=0x000000005f440c32, pid=2576, tid=8596
#
# JRE version: Java(TM) SE Runtime Environment (7.0_45-b18) (build 1.7.0_45-b18)
# Java VM: Java HotSpot(TM) 64-Bit Server VM (24.45-b08 mixed mode windows-amd64 compressed oops)
# Problematic frame:
# V  [jvm.dll+0x40c32]
#
# Failed to write core dump. Minidumps are not enabled by default on client versions of Windows
#
# If you would like to submit a bug report, please visit:
#   http://bugreport.sun.com/bugreport/crash.jsp
#

---------------  T H R E A D  ---------------

Current thread (0x0000000002212800):  GCTaskThread [stack: 0x0000000005cc0000,0x0000000005dc0000] [id=8596]

siginfo: ExceptionCode=0xc0000005, reading address 0x00000000000000b7

Registers:
RAX=0x000000000000000f, RBX=0x00000000f4370158, RCX=0x00000000f4370178, RDX=0x00000000f4370158
RSP=0x0000000005dbf638, RBP=0x000000000579a001, RSI=0x0000000008649030, RDI=0x00000000c0200010
R8 =0x0000000000000000, R9 =0x00000000f4370178, R10=0x0000000000000000, R11=0x00000000f30f81b8
R12=0x0000000005799fdc, R13=0x0000000100000001, R14=0x0000000000000000, R15=0x000000000220a910
RIP=0x000000005f440c32, EFLAGS=0x0000000000010246

Top of Stack: (sp=0x0000000005dbf638)
0x0000000005dbf638:   000000005f79c016 0000000000000011
0x0000000005dbf648:   0000000000000004 0000000008649030
0x0000000005dbf658:   000000000220e9f0 00000000f30f7aa8
0x0000000005dbf668:   0000000000001000 00000000c19c1320
0x0000000005dbf678:   0000000000000400 0000000000000000
0x0000000005dbf688:   0000000008649000 0000000005799fdc
0x0000000005dbf698:   000000005f79c3a0 00000000f30f81d8
0x0000000005dbf6a8:   000000000579a001 0000000008649030
0x0000000005dbf6b8:   00000000c0200010 00000000f30f81d8
0x0000000005dbf6c8:   000000005f79cfb5 00000000f434d630
0x0000000005dbf6d8:   000000000579a001 0000000008649030
0x0000000005dbf6e8:   0000000008649030 0000000008649030
0x0000000005dbf6f8:   000007fefcc610dc 0000000000000000
0x0000000005dbf708:   0000000000001000 00000000c01fba9c
0x0000000005dbf718:   000000005f4ed853 00000000c01fba75
0x0000000005dbf728:   00000000c01fba75 00000000c01ffa80 

Instructions: (pc=0x000000005f440c32)
0x000000005f440c12:   e2 49 8d 0c 11 49 f7 d1 48 03 c1 49 c1 e9 03 48
0x000000005f440c22:   c1 e8 03 41 23 c1 c3 48 8b 02 48 8b d1 49 8b c9
0x000000005f440c32:   48 ff a0 a8 00 00 00 cc cc cc cc cc cc cc 80 3d
0x000000005f440c42:   f1 9f 70 00 00 48 8b c1 74 1f 8b 51 08 8b 0d 63 


Register to memory mapping:

RAX=0x000000000000000f is an unknown value
RBX=0x00000000f4370158 is an unknown value
RCX=0x00000000f4370178 is an unknown value
RDX=0x00000000f4370158 is an unknown value
RSP=0x0000000005dbf638 is an unknown value
RBP=0x000000000579a001 is an unknown value
RSI=0x0000000008649030 is an unknown value
RDI=0x00000000c0200010 is an oop
[I 
 - klass: {type array int}
 - length: 1
R8 =0x0000000000000000 is an unknown value
R9 =0x00000000f4370178 is an unknown value
R10=0x0000000000000000 is an unknown value
R11=0x00000000f30f81b8 is an oop
[Lcom.android.dx.util.IntList; 
 - klass: 'com/android/dx/util/IntList'[]
 - length: 18
R12=0x0000000005799fdc is an unknown value
R13=0x0000000100000001 is an unknown value
R14=0x0000000000000000 is an unknown value
R15=0x000000000220a910 is an unknown value


Stack: [0x0000000005cc0000,0x0000000005dc0000],  sp=0x0000000005dbf638,  free space=1021k
Native frames: (J=compiled Java code, j=interpreted, Vv=VM code, C=native code)
V  [jvm.dll+0x40c32]


---------------  P R O C E S S  ---------------

Java Threads: ( => current thread )
  0x000000000a2d0800 JavaThread "pool-1-thread-4" [_thread_blocked, id=9712, stack(0x000000000acb0000,0x000000000adb0000)]
  0x000000000a2cf800 JavaThread "pool-1-thread-3" [_thread_blocked, id=8676, stack(0x000000000a8b0000,0x000000000a9b0000)]
  0x000000000a2cf000 JavaThread "pool-1-thread-2" [_thread_blocked, id=4504, stack(0x000000000abb0000,0x000000000acb0000)]
  0x000000000a2c1800 JavaThread "pool-2-thread-1" [_thread_blocked, id=7720, stack(0x000000000a9b0000,0x000000000aab0000)]
  0x000000000a2ab800 JavaThread "pool-1-thread-1" [_thread_blocked, id=6020, stack(0x000000000a770000,0x000000000a870000)]
  0x00000000086bf000 JavaThread "Service Thread" daemon [_thread_blocked, id=5312, stack(0x0000000009f70000,0x000000000a070000)]
  0x00000000086be000 JavaThread "C2 CompilerThread1" daemon [_thread_blocked, id=6124, stack(0x0000000009ca0000,0x0000000009da0000)]
  0x00000000086b1000 JavaThread "C2 CompilerThread0" daemon [_thread_blocked, id=4400, stack(0x00000000096d0000,0x00000000097d0000)]
  0x00000000086af800 JavaThread "Attach Listener" daemon [_thread_blocked, id=6724, stack(0x0000000009b90000,0x0000000009c90000)]
  0x00000000086a8000 JavaThread "Signal Dispatcher" daemon [_thread_blocked, id=4120, stack(0x0000000009a60000,0x0000000009b60000)]
  0x0000000008657800 JavaThread "Finalizer" daemon [_thread_blocked, id=7752, stack(0x00000000098f0000,0x00000000099f0000)]
  0x000000000864e800 JavaThread "Reference Handler" daemon [_thread_blocked, id=10172, stack(0x00000000097f0000,0x00000000098f0000)]
  0x000000000235f000 JavaThread "main" [_thread_blocked, id=7400, stack(0x0000000002670000,0x0000000002770000)]

Other Threads:
  0x000000000864b000 VMThread [stack: 0x0000000009590000,0x0000000009690000] [id=9820]
  0x00000000086c9000 WatcherThread [stack: 0x0000000009e70000,0x0000000009f70000] [id=3892]

=>0x0000000002212800 (exited) GCTaskThread [stack: 0x0000000005cc0000,0x0000000005dc0000] [id=8596]

VM state:at safepoint (normal execution)

VM Mutex/Monitor currently owned by a thread:  ([mutex/lock_event])
[0x000000000235d380] Threads_lock - owner thread: 0x000000000864b000
[0x000000000235d880] Heap_lock - owner thread: 0x000000000235f000

Heap
 PSYoungGen      total 145920K, used 144844K [0x00000000eaa80000, 0x00000000f4f80000, 0x0000000100000000)
  eden space 129024K, 100% used [0x00000000eaa80000,0x00000000f2880000,0x00000000f2880000)
  from space 16896K, 93% used [0x00000000f3b00000,0x00000000f4a73308,0x00000000f4b80000)
  to   space 18944K, 99% used [0x00000000f2880000,0x00000000f3affaa8,0x00000000f3b00000)
 ParOldGen       total 86016K, used 39486K [0x00000000c0000000, 0x00000000c5400000, 0x00000000eaa80000)
  object space 86016K, 45% used [0x00000000c0000000,0x00000000c268f820,0x00000000c5400000)
 PSPermGen       total 21504K, used 6041K [0x00000000bae00000, 0x00000000bc300000, 0x00000000c0000000)
  object space 21504K, 28% used [0x00000000bae00000,0x00000000bb3e6628,0x00000000bc300000)

Card table byte_map: [0x0000000005770000,0x00000000059a0000] byte_map_base: 0x0000000005199000

Polling page: 0x0000000000430000

Code Cache  [0x0000000002770000, 0x0000000002a80000, 0x0000000005770000)
 total_blobs=972 nmethods=735 adapters=189 free_code_cache=46106Kb largest_free_block=47165248

Compilation events (10 events):
Event: 12.820 Thread 0x00000000086be000 nmethod 744 0x0000000002a59510 code [0x0000000002a59640, 0x0000000002a59698]
Event: 12.821 Thread 0x00000000086b1000 nmethod 743 0x0000000002a59310 code [0x0000000002a59440, 0x0000000002a59498]
Event: 12.823 Thread 0x00000000086be000  745   !         com.android.dx.cf.code.BasicBlocker::doit (156 bytes)
Event: 12.826 Thread 0x00000000086b1000  746             com.android.dx.ssa.SsaMethod::onInsnsChanged (16 bytes)
Event: 12.826 Thread 0x00000000086b1000 nmethod 746 0x0000000002a51f50 code [0x0000000002a52080, 0x0000000002a520d8]
Event: 12.832 Thread 0x00000000086b1000  747             com.android.dx.cf.attrib.BaseLocalVariables::byteLength (14 bytes)
Event: 12.833 Thread 0x00000000086b1000 nmethod 747 0x0000000002a51cd0 code [0x0000000002a51e00, 0x0000000002a51e78]
Event: 12.846 Thread 0x00000000086b1000  748   !         com.android.dx.cf.code.BytecodeArray::parseInstruction (2764 bytes)
Event: 12.846 Thread 0x00000000086be000 nmethod 745 0x0000000002a5aa10 code [0x0000000002a5aba0, 0x0000000002a5b378]
Event: 12.858 Thread 0x00000000086be000  749             com.android.dx.cf.code.Simulator$SimVisitor::visitNoArgs (2108 bytes)

GC Heap History (10 events):
Event: 3.965 GC heap after
Heap after GC invocations=2 (full 0):
 PSYoungGen      total 37888K, used 5099K [0x00000000eaa80000, 0x00000000ef480000, 0x0000000100000000)
  eden space 32768K, 0% used [0x00000000eaa80000,0x00000000eaa80000,0x00000000eca80000)
  from space 5120K, 99% used [0x00000000ecf80000,0x00000000ed47af90,0x00000000ed480000)
  to   space 5120K, 0% used [0x00000000eca80000,0x00000000eca80000,0x00000000ecf80000)
 ParOldGen       total 86016K, used 4248K [0x00000000c0000000, 0x00000000c5400000, 0x00000000eaa80000)
  object space 86016K, 4% used [0x00000000c0000000,0x00000000c04262f8,0x00000000c5400000)
 PSPermGen       total 21504K, used 5846K [0x00000000bae00000, 0x00000000bc300000, 0x00000000c0000000)
  object space 21504K, 27% used [0x00000000bae00000,0x00000000bb3b59a0,0x00000000bc300000)
}
Event: 5.532 GC heap before
{Heap before GC invocations=3 (full 0):
 PSYoungGen      total 37888K, used 37867K [0x00000000eaa80000, 0x00000000ef480000, 0x0000000100000000)
  eden space 32768K, 100% used [0x00000000eaa80000,0x00000000eca80000,0x00000000eca80000)
  from space 5120K, 99% used [0x00000000ecf80000,0x00000000ed47af90,0x00000000ed480000)
  to   space 5120K, 0% used [0x00000000eca80000,0x00000000eca80000,0x00000000ecf80000)
 ParOldGen       total 86016K, used 4248K [0x00000000c0000000, 0x00000000c5400000, 0x00000000eaa80000)
  object space 86016K, 4% used [0x00000000c0000000,0x00000000c04262f8,0x00000000c5400000)
 PSPermGen       total 21504K, used 5890K [0x00000000bae00000, 0x00000000bc300000, 0x00000000c0000000)
  object space 21504K, 27% used [0x00000000bae00000,0x00000000bb3c0bd8,0x00000000bc300000)
Event: 5.559 GC heap after
Heap after GC invocations=3 (full 0):
 PSYoungGen      total 37888K, used 5118K [0x00000000eaa80000, 0x00000000ef480000, 0x0000000100000000)
  eden space 32768K, 0% used [0x00000000eaa80000,0x00000000eaa80000,0x00000000eca80000)
  from space 5120K, 99% used [0x00000000eca80000,0x00000000ecf7f900,0x00000000ecf80000)
  to   space 5120K, 0% used [0x00000000eef80000,0x00000000eef80000,0x00000000ef480000)
 ParOldGen       total 86016K, used 9124K [0x00000000c0000000, 0x00000000c5400000, 0x00000000eaa80000)
  object space 86016K, 10% used [0x00000000c0000000,0x00000000c08e9030,0x00000000c5400000)
 PSPermGen       total 21504K, used 5890K [0x00000000bae00000, 0x00000000bc300000, 0x00000000c0000000)
  object space 21504K, 27% used [0x00000000bae00000,0x00000000bb3c0bd8,0x00000000bc300000)
}
Event: 8.859 GC heap before
{Heap before GC invocations=4 (full 0):
 PSYoungGen      total 37888K, used 37886K [0x00000000eaa80000, 0x00000000ef480000, 0x0000000100000000)
  eden space 32768K, 100% used [0x00000000eaa80000,0x00000000eca80000,0x00000000eca80000)
  from space 5120K, 99% used [0x00000000eca80000,0x00000000ecf7f900,0x00000000ecf80000)
  to   space 5120K, 0% used [0x00000000eef80000,0x00000000eef80000,0x00000000ef480000)
 ParOldGen       total 86016K, used 9124K [0x00000000c0000000, 0x00000000c5400000, 0x00000000eaa80000)
  object space 86016K, 10% used [0x00000000c0000000,0x00000000c08e9030,0x00000000c5400000)
 PSPermGen       total 21504K, used 5902K [0x00000000bae00000, 0x00000000bc300000, 0x00000000c0000000)
  object space 21504K, 27% used [0x00000000bae00000,0x00000000bb3c3a60,0x00000000bc300000)
Event: 8.887 GC heap after
Heap after GC invocations=4 (full 0):
 PSYoungGen      total 70656K, used 5115K [0x00000000eaa80000, 0x00000000ef480000, 0x0000000100000000)
  eden space 65536K, 0% used [0x00000000eaa80000,0x00000000eaa80000,0x00000000eea80000)
  from space 5120K, 99% used [0x00000000eef80000,0x00000000ef47efa0,0x00000000ef480000)
  to   space 5120K, 0% used [0x00000000eea80000,0x00000000eea80000,0x00000000eef80000)
 ParOldGen       total 86016K, used 14119K [0x00000000c0000000, 0x00000000c5400000, 0x00000000eaa80000)
  object space 86016K, 16% used [0x00000000c0000000,0x00000000c0dc9d60,0x00000000c5400000)
 PSPermGen       total 21504K, used 5902K [0x00000000bae00000, 0x00000000bc300000, 0x00000000c0000000)
  object space 21504K, 27% used [0x00000000bae00000,0x00000000bb3c3a60,0x00000000bc300000)
}
Event: 9.758 GC heap before
{Heap before GC invocations=5 (full 0):
 PSYoungGen      total 70656K, used 70651K [0x00000000eaa80000, 0x00000000ef480000, 0x0000000100000000)
  eden space 65536K, 100% used [0x00000000eaa80000,0x00000000eea80000,0x00000000eea80000)
  from space 5120K, 99% used [0x00000000eef80000,0x00000000ef47efa0,0x00000000ef480000)
  to   space 5120K, 0% used [0x00000000eea80000,0x00000000eea80000,0x00000000eef80000)
 ParOldGen       total 86016K, used 14119K [0x00000000c0000000, 0x00000000c5400000, 0x00000000eaa80000)
  object space 86016K, 16% used [0x00000000c0000000,0x00000000c0dc9d60,0x00000000c5400000)
 PSPermGen       total 21504K, used 5954K [0x00000000bae00000, 0x00000000bc300000, 0x00000000c0000000)
  object space 21504K, 27% used [0x00000000bae00000,0x00000000bb3d0b80,0x00000000bc300000)
Event: 9.802 GC heap after
Heap after GC invocations=5 (full 0):
 PSYoungGen      total 70656K, used 5118K [0x00000000eaa80000, 0x00000000f4b80000, 0x0000000100000000)
  eden space 65536K, 0% used [0x00000000eaa80000,0x00000000eaa80000,0x00000000eea80000)
  from space 5120K, 99% used [0x00000000eea80000,0x00000000eef7fbd0,0x00000000eef80000)
  to   space 16896K, 0% used [0x00000000f3b00000,0x00000000f3b00000,0x00000000f4b80000)
 ParOldGen       total 86016K, used 25342K [0x00000000c0000000, 0x00000000c5400000, 0x00000000eaa80000)
  object space 86016K, 29% used [0x00000000c0000000,0x00000000c18bfa98,0x00000000c5400000)
 PSPermGen       total 21504K, used 5954K [0x00000000bae00000, 0x00000000bc300000, 0x00000000c0000000)
  object space 21504K, 27% used [0x00000000bae00000,0x00000000bb3d0b80,0x00000000bc300000)
}
Event: 10.829 GC heap before
{Heap before GC invocations=6 (full 0):
 PSYoungGen      total 70656K, used 70654K [0x00000000eaa80000, 0x00000000f4b80000, 0x0000000100000000)
  eden space 65536K, 100% used [0x00000000eaa80000,0x00000000eea80000,0x00000000eea80000)
  from space 5120K, 99% used [0x00000000eea80000,0x00000000eef7fbd0,0x00000000eef80000)
  to   space 16896K, 0% used [0x00000000f3b00000,0x00000000f3b00000,0x00000000f4b80000)
 ParOldGen       total 86016K, used 25342K [0x00000000c0000000, 0x00000000c5400000, 0x00000000eaa80000)
  object space 86016K, 29% used [0x00000000c0000000,0x00000000c18bfa98,0x00000000c5400000)
 PSPermGen       total 21504K, used 5975K [0x00000000bae00000, 0x00000000bc300000, 0x00000000c0000000)
  object space 21504K, 27% used [0x00000000bae00000,0x00000000bb3d5ed8,0x00000000bc300000)
Event: 10.889 GC heap after
Heap after GC invocations=6 (full 0):
 PSYoungGen      total 145920K, used 15820K [0x00000000eaa80000, 0x00000000f4f80000, 0x0000000100000000)
  eden space 129024K, 0% used [0x00000000eaa80000,0x00000000eaa80000,0x00000000f2880000)
  from space 16896K, 93% used [0x00000000f3b00000,0x00000000f4a73308,0x00000000f4b80000)
  to   space 18944K, 0% used [0x00000000f2880000,0x00000000f2880000,0x00000000f3b00000)
 ParOldGen       total 86016K, used 25342K [0x00000000c0000000, 0x00000000c5400000, 0x00000000eaa80000)
  object space 86016K, 29% used [0x00000000c0000000,0x00000000c18bfa98,0x00000000c5400000)
 PSPermGen       total 21504K, used 5975K [0x00000000bae00000, 0x00000000bc300000, 0x00000000c0000000)
  object space 21504K, 27% used [0x00000000bae00000,0x00000000bb3d5ed8,0x00000000bc300000)
}
Event: 12.865 GC heap before
{Heap before GC invocations=7 (full 0):
 PSYoungGen      total 145920K, used 144844K [0x00000000eaa80000, 0x00000000f4f80000, 0x0000000100000000)
  eden space 129024K, 100% used [0x00000000eaa80000,0x00000000f2880000,0x00000000f2880000)
  from space 16896K, 93% used [0x00000000f3b00000,0x00000000f4a73308,0x00000000f4b80000)
  to   space 18944K, 0% used [0x00000000f2880000,0x00000000f2880000,0x00000000f3b00000)
 ParOldGen       total 86016K, used 25342K [0x00000000c0000000, 0x00000000c5400000, 0x00000000eaa80000)
  object space 86016K, 29% used [0x00000000c0000000,0x00000000c18bfa98,0x00000000c5400000)
 PSPermGen       total 21504K, used 6041K [0x00000000bae00000, 0x00000000bc300000, 0x00000000c0000000)
  object space 21504K, 28% used [0x00000000bae00000,0x00000000bb3e6628,0x00000000bc300000)

Deoptimization events (10 events):
Event: 10.203 Thread 0x000000000a2ab800 Uncommon trap: reason=null_check action=make_not_entrant pc=0x0000000002893f94 method=com.android.dx.cf.code.Ropper$CatchInfo.getSetup(Lcom/android/dx/rop/type/Type;)Lcom/android/dx/cf/code/Ropper$ExceptionHandlerSetup; @ 10
Event: 10.444 Thread 0x000000000a2cf800 Uncommon trap: reason=null_check action=make_not_entrant pc=0x00000000029aa4b0 method=com.android.dx.dex.file.FieldIdsSection.intern(Lcom/android/dx/rop/cst/CstFieldRef;)Lcom/android/dx/dex/file/FieldIdItem; @ 26
Event: 11.018 Thread 0x000000000a2cf800 Uncommon trap: reason=bimorphic action=maybe_recompile pc=0x00000000029c6bcc method=com.android.dx.cf.code.BytecodeArray.parseInstruction(ILcom/android/dx/cf/code/BytecodeArray$Visitor;)I @ 1357
Event: 11.019 Thread 0x000000000a2cf800 Uncommon trap: reason=bimorphic action=maybe_recompile pc=0x00000000029c6bcc method=com.android.dx.cf.code.BytecodeArray.parseInstruction(ILcom/android/dx/cf/code/BytecodeArray$Visitor;)I @ 1357
Event: 11.232 Thread 0x000000000a2d0800 Uncommon trap: reason=unreached action=reinterpret pc=0x00000000028b01ec method=com.android.dx.ssa.MoveParamCombiner$1.visitNonMoveInsn(Lcom/android/dx/ssa/NormalSsaInsn;)V @ 27
Event: 11.300 Thread 0x000000000a2cf000 Uncommon trap: reason=bimorphic action=maybe_recompile pc=0x00000000028dec58 method=com.android.dx.ssa.LiteralOpUpgrader.tryReplacingWithConstant(Lcom/android/dx/ssa/NormalSsaInsn;)Z @ 62
Event: 11.307 Thread 0x000000000a2cf000 Uncommon trap: reason=bimorphic action=maybe_recompile pc=0x00000000028dec58 method=com.android.dx.ssa.LiteralOpUpgrader.tryReplacingWithConstant(Lcom/android/dx/ssa/NormalSsaInsn;)Z @ 62
Event: 12.805 Thread 0x000000000a2d0800 Uncommon trap: reason=bimorphic action=maybe_recompile pc=0x0000000002a64ee4 method=com.android.dx.cf.code.BytecodeArray.parseInstruction(ILcom/android/dx/cf/code/BytecodeArray$Visitor;)I @ 1287
Event: 12.805 Thread 0x000000000a2d0800 Uncommon trap: reason=bimorphic action=maybe_recompile pc=0x0000000002a64ee4 method=com.android.dx.cf.code.BytecodeArray.parseInstruction(ILcom/android/dx/cf/code/BytecodeArray$Visitor;)I @ 1287
Event: 12.857 Thread 0x000000000235f000 Uncommon trap: reason=unreached action=reinterpret pc=0x0000000002a26b5c method=com.android.dx.cf.direct.StdAttributeFactory.parse0(Lcom/android/dx/cf/direct/DirectClassFile;ILjava/lang/String;IILcom/android/dx/cf/iface/ParseObserver;)Lcom/android/dx/cf/ifH½ÌDh$@

Internal exceptions (10 events):
Event: 2.728 Thread 0x000000000a2cf800 Threw 0x00000000eaf78560 at C:\re\jdk7u45\229\hotspot\src\share\vm\prims\jvm.cpp:1244
Event: 3.185 Thread 0x000000000235f000 Implicit null exception at 0x0000000002812077 to 0x0000000002812759
Event: 3.297 Thread 0x000000000235f000 Implicit null exception at 0x00000000028317b8 to 0x0000000002832b4d
Event: 3.914 Thread 0x000000000235f000 Threw 0x00000000eca78cb0 at C:\re\jdk7u45\229\hotspot\src\share\vm\prims\jvm.cpp:1244
Event: 5.175 Thread 0x000000000a2d0800 Threw 0x00000000ec28f778 at C:\re\jdk7u45\229\hotspot\src\share\vm\prims\jvm.cpp:1244
Event: 5.319 Thread 0x000000000235f000 Threw 0x00000000ec48ed30 at C:\re\jdk7u45\229\hotspot\src\share\vm\prims\jvm.cpp:1244
Event: 9.671 Thread 0x000000000235f000 Threw 0x00000000ee89b9c8 at C:\re\jdk7u45\229\hotspot\src\share\vm\prims\jvm.cpp:1244
Event: 9.844 Thread 0x000000000235f000 Implicit null exception at 0x000000000291a6c0 to 0x000000000291a831
Event: 9.845 Thread 0x000000000235f000 Implicit null exception at 0x00000000028c98d9 to 0x00000000028c99e9
Event: 10.203 Thread 0x000000000a2ab800 Implicit null exception at 0x00000000028908fc to 0x0000000002893f41

Events (10 events):
Event: 12.805 Thread 0x000000000a2d0800 Uncommon trap: trap_request=0xffffffc6 fr.pc=0x0000000002a64ee4
Event: 12.805 Thread 0x000000000a2d0800 DEOPT PACKING pc=0x0000000002a64ee4 sp=0x000000000adaebe0
Event: 12.805 Thread 0x000000000a2d0800 DEOPT UNPACKING pc=0x00000000027a75a4 sp=0x000000000adaeb78 mode 2
Event: 12.805 Thread 0x000000000a2d0800 Uncommon trap: trap_request=0xffffffc6 fr.pc=0x0000000002a64ee4
Event: 12.805 Thread 0x000000000a2d0800 DEOPT PACKING pc=0x0000000002a64ee4 sp=0x000000000adaec90
Event: 12.805 Thread 0x000000000a2d0800 DEOPT UNPACKING pc=0x00000000027a75a4 sp=0x000000000adaec28 mode 2
Event: 12.857 Thread 0x000000000235f000 Uncommon trap: trap_request=0xffffffad fr.pc=0x0000000002a26b5c
Event: 12.857 Thread 0x000000000235f000 DEOPT PACKING pc=0x0000000002a26b5c sp=0x000000000276e830
Event: 12.857 Thread 0x000000000235f000 DEOPT UNPACKING pc=0x00000000027a75a4 sp=0x000000000276e7c8 mode 2
Event: 12.862 Executing VM operation: ParallelGCFailedAllocation


Dynamic libraries:
0x000000013f3f0000 - 0x000000013f423000 	C:\Program Files\Java\jdk1.7.0_45\bin\java.exe
0x0000000076e50000 - 0x0000000076ff9000 	C:\Windows\SYSTEM32\ntdll.dll
0x0000000076d30000 - 0x0000000076e4f000 	C:\Windows\system32\kernel32.dll
0x000007fefcc60000 - 0x000007fefcccb000 	C:\Windows\system32\KERNELBASE.dll
0x000007fefd280000 - 0x000007fefd35b000 	C:\Windows\system32\ADVAPI32.dll
0x000007fefec10000 - 0x000007fefecaf000 	C:\Windows\system32\msvcrt.dll
0x000007feff020000 - 0x000007feff03f000 	C:\Windows\SYSTEM32\sechost.dll
0x000007fefd410000 - 0x000007fefd53d000 	C:\Windows\system32\RPCRT4.dll
0x0000000076c30000 - 0x0000000076d2a000 	C:\Windows\system32\USER32.dll
0x000007fefd210000 - 0x000007fefd277000 	C:\Windows\system32\GDI32.dll
0x000007fefd360000 - 0x000007fefd36e000 	C:\Windows\system32\LPK.dll
0x000007fefef00000 - 0x000007fefefc9000 	C:\Windows\system32\USP10.dll
0x000007fefb670000 - 0x000007fefb864000 	C:\Windows\WinSxS\amd64_microsoft.windows.common-controls_6595b64144ccf1df_6.0.7601.17514_none_fa396087175ac9ac\COMCTL32.dll
0x000007fefd370000 - 0x000007fefd3e1000 	C:\Windows\system32\SHLWAPI.dll
0x000007fefcfd0000 - 0x000007fefcffe000 	C:\Windows\system32\IMM32.DLL
0x000007fefea60000 - 0x000007fefeb69000 	C:\Windows\system32\MSCTF.dll
0x0000000070fd0000 - 0x00000000710a2000 	C:\Program Files\Java\jdk1.7.0_45\jre\bin\msvcr100.dll
0x000000005f400000 - 0x000000005fbc9000 	C:\Program Files\Java\jdk1.7.0_45\jre\bin\server\jvm.dll
0x000007fef4190000 - 0x000007fef4199000 	C:\Windows\system32\WSOCK32.dll
0x000007fefefd0000 - 0x000007feff01d000 	C:\Windows\system32\WS2_32.dll
0x000007fefea50000 - 0x000007fefea58000 	C:\Windows\system32\NSI.dll
0x000007fefaeb0000 - 0x000007fefaeeb000 	C:\Windows\system32\WINMM.dll
0x0000000077020000 - 0x0000000077027000 	C:\Windows\system32\PSAPI.DLL
0x0000000074020000 - 0x000000007402f000 	C:\Program Files\Java\jdk1.7.0_45\jre\bin\verify.dll
0x0000000072260000 - 0x0000000072288000 	C:\Program Files\Java\jdk1.7.0_45\jre\bin\java.dll
0x0000000072240000 - 0x0000000072255000 	C:\Program Files\Java\jdk1.7.0_45\jre\bin\zip.dll
0x0000000072220000 - 0x0000000072239000 	C:\Program Files\Java\jdk1.7.0_45\jre\bin\net.dll
0x000007fefc3b0000 - 0x000007fefc405000 	C:\Windows\system32\mswsock.dll
0x000007fefc3a0000 - 0x000007fefc3a7000 	C:\Windows\System32\wship6.dll
0x00000000721b0000 - 0x00000000721c1000 	C:\Program Files\Java\jdk1.7.0_45\jre\bin\nio.dll
0x000007fef2640000 - 0x000007fef2765000 	C:\Windows\system32\dbghelp.dll

VM Arguments:
jvm_args: -Djava.awt.headless=true -Xmx1024M -Dfile.encoding=windows-1252 -Duser.country=US -Duser.language=en -Duser.variant 
java_command: com.android.dx.command.Main --dex --num-threads=4 --output C:\Users\honey\AndroidStudioProjects\MobSoc\Client\app\build\intermediates\pre-dexed\debug\com.android.support-support-v4-23.1.1_dc6222349a74dc3d6f97f71f8faf20cc0088a9a0.jar C:\Users\honey\AndroidStudioProjects\MobSoc\Client\app\build\intermediates\exploded-aar\com.android.support\support-v4\23.1.1\jars\classes.jar
Launcher Type: SUN_STANDARD

Environment Variables:
JAVA_HOME=C:\Program Files\Java\jdk1.8.0_74
USERNAME=honey
OS=Windows_NT
PROCESSOR_IDENTIFIER=Intel64 Family 6 Model 58 Stepping 9, GenuineIntel



---------------  S Y S T E M  ---------------

OS: Windows 7 , 64 bit Build 7601 Service Pack 1

CPU:total 4 (2 cores per cpu, 2 threads per core) family 6 model 58 stepping 9, cmov, cx8, fxsr, mmx, sse, sse2, sse3, ssse3, sse4.1, sse4.2, popcnt, avx, erms, ht, tsc, tscinvbit, tscinv

Memory: 4k page, physical 8260972k(2389456k free), swap 16520080k(8805356k free)

vm_info: Java HotSpot(TM) 64-Bit Server VM (24.45-b08) for windows-amd64 JRE (1.7.0_45-b18), built on Oct  8 2013 05:47:22 by "java_re" with unknown MS VC++:1600

time: Mon Apr 25 17:37:23 2016
elapsed time: 12 seconds

